<?xml version="1.0" encoding="UTF-8"?>
<testng-results ignored="0" total="3" passed="3" failed="0" skipped="0">
  <reporter-output>
  </reporter-output>
  <suite started-at="2022-07-11T08:39:49 IST" name="Suite" finished-at="2022-07-11T08:40:39 IST" duration-ms="50737">
    <groups>
    </groups>
    <test started-at="2022-07-11T08:39:49 IST" name="Test" finished-at="2022-07-11T08:40:39 IST" duration-ms="50737">
      <class name="scripts.Testcase3">
        <test-method is-config="true" signature="openApp()[pri:0, instance:scripts.Testcase3@654f0d9c]" started-at="2022-07-11T08:39:49 IST" name="openApp" finished-at="2022-07-11T08:39:59 IST" duration-ms="10499" status="PASS">
          <reporter-output>
          </reporter-output>
        </test-method> <!-- openApp -->
        <test-method signature="tc3()[pri:0, instance:scripts.Testcase3@654f0d9c]" started-at="2022-07-11T08:39:59 IST" name="tc3" finished-at="2022-07-11T08:40:11 IST" duration-ms="11949" status="PASS">
          <reporter-output>
          </reporter-output>
        </test-method> <!-- tc3 -->
        <test-method is-config="true" signature="closeApp(org.testng.ITestResult)[pri:0, instance:scripts.Testcase3@654f0d9c]" started-at="2022-07-11T08:40:11 IST" name="closeApp" finished-at="2022-07-11T08:40:13 IST" duration-ms="1443" status="PASS">
          <params>
            <param index="0">
              <value>
                <![CDATA[[TestResult name=tc3 status=SUCCESS method=Testcase3.tc3()[pri:0, instance:scripts.Testcase3@654f0d9c] output={null}]]]>
              </value>
            </param>
          </params>
          <reporter-output>
          </reporter-output>
        </test-method> <!-- closeApp -->
      </class> <!-- scripts.Testcase3 -->
      <class name="scripts.Testcase2">
        <test-method is-config="true" signature="openApp()[pri:0, instance:scripts.Testcase2@1ea9f6af]" started-at="2022-07-11T08:40:13 IST" name="openApp" finished-at="2022-07-11T08:40:20 IST" duration-ms="6879" status="PASS">
          <reporter-output>
          </reporter-output>
        </test-method> <!-- openApp -->
        <test-method signature="tc2()[pri:0, instance:scripts.Testcase2@1ea9f6af]" started-at="2022-07-11T08:40:20 IST" name="tc2" finished-at="2022-07-11T08:40:29 IST" duration-ms="9728" status="PASS">
          <reporter-output>
          </reporter-output>
        </test-method> <!-- tc2 -->
        <test-method is-config="true" signature="closeApp(org.testng.ITestResult)[pri:0, instance:scripts.Testcase2@1ea9f6af]" started-at="2022-07-11T08:40:29 IST" name="closeApp" finished-at="2022-07-11T08:40:30 IST" duration-ms="700" status="PASS">
          <params>
            <param index="0">
              <value>
                <![CDATA[[TestResult name=tc2 status=SUCCESS method=Testcase2.tc2()[pri:0, instance:scripts.Testcase2@1ea9f6af] output={null}]]]>
              </value>
            </param>
          </params>
          <reporter-output>
          </reporter-output>
        </test-method> <!-- closeApp -->
      </class> <!-- scripts.Testcase2 -->
      <class name="scripts.Testcase1">
        <test-method is-config="true" signature="openApp()[pri:0, instance:scripts.Testcase1@6a192cfe]" started-at="2022-07-11T08:40:30 IST" name="openApp" finished-at="2022-07-11T08:40:34 IST" duration-ms="3688" status="PASS">
          <reporter-output>
          </reporter-output>
        </test-method> <!-- openApp -->
        <test-method signature="tc1()[pri:0, instance:scripts.Testcase1@6a192cfe]" started-at="2022-07-11T08:40:34 IST" name="tc1" finished-at="2022-07-11T08:40:39 IST" duration-ms="4779" status="PASS">
          <reporter-output>
          </reporter-output>
        </test-method> <!-- tc1 -->
        <test-method is-config="true" signature="closeApp(org.testng.ITestResult)[pri:0, instance:scripts.Testcase1@6a192cfe]" started-at="2022-07-11T08:40:39 IST" name="closeApp" finished-at="2022-07-11T08:40:39 IST" duration-ms="893" status="PASS">
          <params>
            <param index="0">
              <value>
                <![CDATA[[TestResult name=tc1 status=SUCCESS method=Testcase1.tc1()[pri:0, instance:scripts.Testcase1@6a192cfe] output={null}]]]>
              </value>
            </param>
          </params>
          <reporter-output>
          </reporter-output>
        </test-method> <!-- closeApp -->
      </class> <!-- scripts.Testcase1 -->
    </test> <!-- Test -->
  </suite> <!-- Suite -->
</testng-results>
